epoch = 0
time = 5.0000 MIN 1.8432 SEC, total time = 5.0000 Min 1.8432 SEC
training loss : 0.1186330242616486  train acc = 0.2881801554641061
val loss : 0.10578053337311058  val acc = 0.389917695473251
============================
epoch = 1
time = 2.0000 MIN 52.8500 SEC, total time = 7.0000 Min 54.8743 SEC
training loss : 0.10419367707219906  train acc = 0.3837448559670782
val loss : 0.09407936511829557  val acc = 0.4351851851851852
============================
epoch = 2
time = 1.0000 MIN 3.9191 SEC, total time = 8.0000 Min 58.8710 SEC
training loss : 0.09519857628791366  train acc = 0.4531321444901692
val loss : 0.08701904059805497  val acc = 0.49794238683127573
============================
epoch = 3
time = 1.0000 MIN 11.0214 SEC, total time = 10.0000 Min 9.9731 SEC
training loss : 0.08798851201563705  train acc = 0.49822816643804296
val loss : 0.07715919524921802  val acc = 0.5704732510288066
============================
epoch = 4
time = 0.0000 MIN 17.7599 SEC, total time = 10.0000 Min 27.8120 SEC
training loss : 0.08167525833778366  train acc = 0.5416666666666666
val loss : 0.06960397207565268  val acc = 0.5977366255144033
============================
epoch = 5
time = 0.0000 MIN 17.9304 SEC, total time = 10.0000 Min 45.9182 SEC
training loss : 0.07576871870803571  train acc = 0.5764746227709191
val loss : 0.06873794887291551  val acc = 0.6234567901234568
============================
epoch = 6
time = 0.0000 MIN 17.8754 SEC, total time = 11.0000 Min 3.9298 SEC
training loss : 0.07064905467647148  train acc = 0.6074531321444901
val loss : 0.06293392855934646  val acc = 0.6517489711934157
============================
epoch = 7
time = 0.0000 MIN 17.8346 SEC, total time = 11.0000 Min 21.8453 SEC
training loss : 0.06606276404192636  train acc = 0.6342592592592593
val loss : 0.0567212954562142  val acc = 0.6887860082304527
============================
epoch = 8
time = 0.0000 MIN 18.1146 SEC, total time = 11.0000 Min 40.0617 SEC
training loss : 0.06269117709629111  train acc = 0.654320987654321
val loss : 0.05398654234078196  val acc = 0.7011316872427984
============================
epoch = 9
time = 0.0000 MIN 18.1238 SEC, total time = 11.0000 Min 58.2656 SEC
training loss : 0.05919646337001521  train acc = 0.6746113397347965
val loss : 0.055058807579210264  val acc = 0.706275720164609
============================
epoch = 10
time = 0.0000 MIN 17.7737 SEC, total time = 12.0000 Min 16.1444 SEC
training loss : 0.05616887632346911  train acc = 0.7015889346136259
val loss : 0.050079712360606765  val acc = 0.7350823045267489
============================
epoch = 11
time = 0.0000 MIN 17.9887 SEC, total time = 12.0000 Min 34.2206 SEC
training loss : 0.05377840534683826  train acc = 0.7083904892546868
val loss : 0.050069353340093985  val acc = 0.7366255144032922
============================
epoch = 12
time = 0.0000 MIN 18.0381 SEC, total time = 12.0000 Min 52.3397 SEC
training loss : 0.05102703833009726  train acc = 0.7209647919524462
val loss : 0.049573231411814196  val acc = 0.7386831275720165
============================
epoch = 13
time = 0.0000 MIN 17.8253 SEC, total time = 13.0000 Min 10.2543 SEC
training loss : 0.0490463457347516  train acc = 0.7351966163694559
val loss : 0.0465132510557832  val acc = 0.7510288065843621
============================
epoch = 14
time = 0.0000 MIN 18.3714 SEC, total time = 13.0000 Min 28.7977 SEC
training loss : 0.0470029185583562  train acc = 0.7500571559213535
val loss : 0.04891217966782458  val acc = 0.7448559670781894
============================
epoch = 15
time = 0.0000 MIN 17.9057 SEC, total time = 13.0000 Min 46.7036 SEC
training loss : 0.0375035606162  train acc = 0.796639231824417
val loss : 0.039850846515516195  val acc = 0.7901234567901234
============================
epoch = 16
time = 0.0000 MIN 17.9849 SEC, total time = 14.0000 Min 4.7860 SEC
training loss : 0.03382893647316368  train acc = 0.813443072702332
val loss : 0.03911474892493996  val acc = 0.7875514403292181
============================
epoch = 17
time = 0.0000 MIN 18.5262 SEC, total time = 14.0000 Min 23.3123 SEC
training loss : 0.033073350637691255  train acc = 0.816986739826246
val loss : 0.03901679041975565  val acc = 0.7901234567901234
============================
epoch = 18
time = 0.0000 MIN 17.9201 SEC, total time = 14.0000 Min 41.2326 SEC
training loss : 0.03231288660803122  train acc = 0.8221307727480567
val loss : 0.03871117413825827  val acc = 0.7916666666666666
============================
epoch = 19
time = 0.0000 MIN 18.0216 SEC, total time = 14.0000 Min 59.3496 SEC
training loss : 0.031595693492370215  train acc = 0.8280178326474623
val loss : 0.03854787455480776  val acc = 0.7983539094650206
============================
epoch = 20
time = 0.0000 MIN 18.7061 SEC, total time = 15.0000 Min 18.1524 SEC
training loss : 0.030248623720536737  train acc = 0.8348765432098766
val loss : 0.038727275026893174  val acc = 0.7973251028806584
============================
epoch = 21
time = 0.0000 MIN 18.1035 SEC, total time = 15.0000 Min 36.2560 SEC
training loss : 0.0298924291014346  train acc = 0.8382487425697303
val loss : 0.039023245144405486  val acc = 0.7916666666666666
============================
epoch = 22
time = 0.0000 MIN 18.3680 SEC, total time = 15.0000 Min 54.6242 SEC
training loss : 0.029367058619236806  train acc = 0.83973479652492
val loss : 0.03815741936289111  val acc = 0.7952674897119342
============================
epoch = 23
time = 0.0000 MIN 18.0682 SEC, total time = 16.0000 Min 12.6925 SEC
training loss : 0.02861759819304992  train acc = 0.8408207590306356
val loss : 0.03874659646156823  val acc = 0.7942386831275721
============================
epoch = 24
time = 0.0000 MIN 18.4307 SEC, total time = 16.0000 Min 31.1233 SEC
training loss : 0.028304065725028135  train acc = 0.8404206675811614
val loss : 0.03760302545878377  val acc = 0.8024691358024691
============================
epoch = 25
time = 0.0000 MIN 18.1557 SEC, total time = 16.0000 Min 49.3878 SEC
training loss : 0.027026117714373188  train acc = 0.850480109739369
val loss : 0.03725808789692973  val acc = 0.801440329218107
============================
epoch = 26
time = 0.0000 MIN 18.5269 SEC, total time = 17.0000 Min 7.9148 SEC
training loss : 0.026801026768422  train acc = 0.8545953360768176
val loss : 0.037293232120803474  val acc = 0.7998971193415638
============================
epoch = 27
time = 0.0000 MIN 18.5178 SEC, total time = 17.0000 Min 26.4328 SEC
training loss : 0.026539229233223292  train acc = 0.8536236854138088
val loss : 0.03726168519744473  val acc = 0.8081275720164609
============================
epoch = 28
time = 0.0000 MIN 17.9894 SEC, total time = 17.0000 Min 44.5162 SEC
training loss : 0.02606192889406589  train acc = 0.8567672610882487
val loss : 0.03737919773799157  val acc = 0.8029835390946503
============================
epoch = 29
time = 0.0000 MIN 18.5676 SEC, total time = 18.0000 Min 3.0839 SEC
training loss : 0.026533240227349816  train acc = 0.8534522176497485
val loss : 0.03759954120856499  val acc = 0.7978395061728395
============================
epoch = 30
time = 0.0000 MIN 18.2527 SEC, total time = 18.0000 Min 21.3368 SEC
training loss : 0.02610269283705911  train acc = 0.8551097393689986
val loss : 0.03752678205592581  val acc = 0.8040123456790124
============================
epoch = 31
time = 0.0000 MIN 18.5863 SEC, total time = 18.0000 Min 39.9235 SEC
training loss : 0.025573535925279885  train acc = 0.8595679012345679
val loss : 0.037864609966399496  val acc = 0.8065843621399177
============================
epoch = 32
time = 0.0000 MIN 18.2812 SEC, total time = 18.0000 Min 58.2049 SEC
training loss : 0.0255475043197587  train acc = 0.8595107453132145
val loss : 0.03785968100299499  val acc = 0.8004115226337448
============================
epoch = 33
time = 0.0000 MIN 18.3988 SEC, total time = 19.0000 Min 16.6038 SEC
training loss : 0.025843041903994276  train acc = 0.8571101966163694
val loss : 0.038188066628642776  val acc = 0.7998971193415638
============================
epoch = 34
time = 0.0000 MIN 18.3772 SEC, total time = 19.0000 Min 34.9814 SEC
training loss : 0.025199093683982616  train acc = 0.8617969821673526
val loss : 0.03777728432505832  val acc = 0.8050411522633745
============================
epoch = 35
time = 0.0000 MIN 18.4377 SEC, total time = 19.0000 Min 53.4193 SEC
training loss : 0.02562774527987451  train acc = 0.857053040695016
val loss : 0.03789101716958814  val acc = 0.8040123456790124
============================
epoch = 36
time = 0.0000 MIN 18.4420 SEC, total time = 20.0000 Min 11.8614 SEC
training loss : 0.025292854589824474  train acc = 0.8627114769090077
val loss : 0.038078386516697364  val acc = 0.8040123456790124
============================
epoch = 37
time = 0.0000 MIN 18.4705 SEC, total time = 20.0000 Min 30.3321 SEC
training loss : 0.02538991715907233  train acc = 0.8576245999085506
val loss : 0.03823793383407188  val acc = 0.7998971193415638
============================
epoch = 38
time = 0.0000 MIN 18.4572 SEC, total time = 20.0000 Min 48.7894 SEC
training loss : 0.025508850751696798  train acc = 0.8603109282121628
val loss : 0.03783531549076239  val acc = 0.8029835390946503
============================
epoch = 39
time = 0.0000 MIN 18.4169 SEC, total time = 21.0000 Min 7.2066 SEC
training loss : 0.025239800694720094  train acc = 0.8599108367626886
val loss : 0.03823613407619206  val acc = 0.8060699588477366
============================
epoch = 40
time = 0.0000 MIN 18.5121 SEC, total time = 21.0000 Min 25.7190 SEC
training loss : 0.025376153983998485  train acc = 0.8615112025605853
val loss : 0.03816827919732764  val acc = 0.8055555555555556
============================
epoch = 41
time = 0.0000 MIN 18.4021 SEC, total time = 21.0000 Min 44.1213 SEC
training loss : 0.025035570414479656  train acc = 0.8599108367626886
val loss : 0.0387403113851822  val acc = 0.8029835390946503
============================
epoch = 42
time = 0.0000 MIN 18.5160 SEC, total time = 22.0000 Min 2.6374 SEC
training loss : 0.02504502239068148  train acc = 0.8622542295381802
val loss : 0.0379930699221146  val acc = 0.8034979423868313
============================
epoch = 43
time = 0.0000 MIN 18.5436 SEC, total time = 22.0000 Min 21.1812 SEC
training loss : 0.024911809161818146  train acc = 0.86374028349337
val loss : 0.03812961521991548  val acc = 0.8040123456790124
============================
epoch = 44
time = 0.0000 MIN 18.3048 SEC, total time = 22.0000 Min 39.4862 SEC
training loss : 0.02465048545081923  train acc = 0.864883401920439
val loss : 0.0378863188771554  val acc = 0.8029835390946503
============================
epoch = 45
time = 0.0000 MIN 18.5167 SEC, total time = 22.0000 Min 58.0030 SEC
training loss : 0.024829314920602422  train acc = 0.8641975308641975
val loss : 0.03816214529797435  val acc = 0.8055555555555556
============================
epoch = 46
time = 0.0000 MIN 18.3117 SEC, total time = 23.0000 Min 16.3148 SEC
training loss : 0.02443205857535319  train acc = 0.8655121170553269
val loss : 0.03773629956460968  val acc = 0.809156378600823
============================
epoch = 47
time = 0.0000 MIN 18.4584 SEC, total time = 23.0000 Min 34.8607 SEC
training loss : 0.024221014108054873  train acc = 0.8655692729766804
val loss : 0.03901979078753342  val acc = 0.8024691358024691
============================
epoch = 48
time = 0.0000 MIN 18.5837 SEC, total time = 23.0000 Min 53.4448 SEC
training loss : 0.02486404740376373  train acc = 0.8653406492912665
val loss : 0.03831024875350818  val acc = 0.7942386831275721
============================
epoch = 49
time = 0.0000 MIN 18.1945 SEC, total time = 24.0000 Min 11.6394 SEC
training loss : 0.024642541704684065  train acc = 0.864883401920439
val loss : 0.037714382725549334  val acc = 0.8040123456790124
============================
